[2018-11-07 15:10:19,064] multiqc                                            [DEBUG  ]  No MultiQC config found: /home/ubuntu/pt/envs/.snakemake/conda/017d0e1a/lib/python3.5/site-packages/multiqc_config.yaml
[2018-11-07 15:10:19,064] multiqc                                            [DEBUG  ]  No MultiQC config found: /home/ubuntu/.multiqc_config.yaml
[2018-11-07 15:10:19,064] multiqc                                            [DEBUG  ]  No MultiQC config found: multiqc_config.yaml
[2018-11-07 15:10:19,064] multiqc                                            [DEBUG  ]  Command used: /home/ubuntu/pt/envs/.snakemake/conda/017d0e1a/bin/multiqc -i Assembler Benchmark report --filename REPORT -o . -f -p --tag assembler_benchmark --template assembler_benchmark /home/ubuntu/pt/analysis/summary/ --data-format yaml
[2018-11-07 15:10:20,203] multiqc                                            [WARNING]  MultiQC Version v1.6 now available!
[2018-11-07 15:10:20,204] multiqc                                            [INFO   ]  This is MultiQC v1.5.dev0
[2018-11-07 15:10:20,204] multiqc                                            [DEBUG  ]  Command     : /home/ubuntu/pt/envs/.snakemake/conda/017d0e1a/bin/multiqc -i Assembler Benchmark report --filename REPORT -o . -f -p --tag assembler_benchmark --template assembler_benchmark /home/ubuntu/pt/analysis/summary/ --data-format yaml
[2018-11-07 15:10:20,204] multiqc                                            [DEBUG  ]  Working dir : /home/ubuntu/pt/analysis/summary
[2018-11-07 15:10:20,204] multiqc                                            [INFO   ]  Template    : assembler_benchmark
[2018-11-07 15:10:20,205] multiqc                                            [INFO   ]  Report title: Assembler Benchmark report
[2018-11-07 15:10:20,205] multiqc                                            [INFO   ]  Searching '/home/ubuntu/pt/analysis/summary/'
[2018-11-07 15:10:20,206] multiqc                                            [INFO   ]  Only using modules with 'assembler_benchmark' tag
[2018-11-07 15:10:20,206] multiqc                                            [DEBUG  ]  Analysing modules: ab_methods_section, ab_read_quality, quast, jellyfish, mummerplot, minimap2, ab_cpu_times
[2018-11-07 15:10:20,206] multiqc                                            [DEBUG  ]  Using temporary directory for creating report: /tmp/tmph31qetjw
[2018-11-07 15:10:20,309] multiqc                                            [DEBUG  ]  Ignored search patterns as didn't match running modules: samtools/idxstats, peddy/sex_check, bbmap/gchist, flexbar, picard/alignment_metrics, bismark/dedup, conpair/concordance, rseqc/bam_stat, homer/tagInfo, rseqc/infer_experiment, afterqc, rseqc/inner_distance, picard/pcr_metrics, sargasso, homer/genomeGCcontent, htseq, salmon/fld, leehom, bismark/meth_extract, picard/rrbs_metrics, picard/markdups, homer/RestrictionDistribution, bowtie2, picard/oxogmetrics, supernova/report, hisat2, fastqc/zip, adapterRemoval, bbmap/covhist, biobloomtools, busco, homer/FreqDistribution, peddy/het_check, qualimap/bamqc/coverage, bbmap/aqhist, verifybamid/selfsm, qualimap/bamqc/genome_fraction, bbmap/rpkm, custom_content, goleft_indexcov/ped, gatk/varianteval, homer/LengthDistribution, peddy/ped_check, bbmap/mhist, rna_seqc/coverage, theta2, homer/findpeaks, tophat, macs2, picard/insertsize, slamdunk/utrrates, featurecounts, qualimap/rnaseq/rnaseq_results, vcftools/tstv_summary, rseqc/read_gc, deeptools/plotFingerprintOutQualityMetrics, rna_seqc/metrics, bowtie1, slamdunk/tcperutrpos, rseqc/read_duplication_pos, qualimap/bamqc/genome_results, slamdunk/PCA, bismark/align, bcl2fastq, bbmap/statsfile, disambiguate, supernova/summary, qualimap/bamqc/gc_dist, hicexplorer, sortmerna, bbmap/statsfile_machine, clusterflow/runfiles, fastq_screen, samtools/stats, picard/rnaseqmetrics, preseq, slamdunk/summary, vcftools/tstv_by_count, prokka, kallisto, picard/hsmetrics, goleft_indexcov/roc, vcftools/relatedness2, methylQA, fastqc/data, deeptools/estimateReadFiltering, bbmap/qahist, salmon/meta, bbmap/idhist, bamtools/stats, rseqc/junction_annotation, supernova/molecules, picard/gcbias, star/genecounts, samtools/rmdup, interop/index-summary, interop/summary, rseqc/read_distribution, qualimap/rnaseq/coverage, hicup, conpair/contamination, slamdunk/tcperreadpos, picard/basedistributionbycycle, rsem, bismark/bam2nuc, bbmap/ihist, trimmomatic, bismark/m_bias, deeptools/plotCoverageStdout, fastqc/theoretical_gc, bbmap/ehist, gatk/base_recalibrator, bbmap/indelhist, clusterflow/logs, deeptools/bamPEFragmentSize, qualimap/bamqc/insert_size, supernova/kmers, homer/GCcontent, deeptools/plotFingerprintOutRawCounts, slamdunk/rates, peddy/summary_table, samtools/flagstat, cutadapt, preseq/real_counts, vcftools/tstv_by_qual, star, picard/wgs_metrics, bbmap/covstats, deeptools/plotCoverageOutRawCounts, samblaster, rna_seqc/correlation, qorts, rseqc/junction_saturation, bbmap/qhist, bcftools/stats, snpeff, bbmap/bqhist, bbmap/bincov, rseqc/gene_body_coverage, deeptools/plotEnrichment, bbmap/lhist, skewer, bbmap/bhist
[2018-11-07 15:10:22,237] multiqc.modules.ab_read_quality.ab_read_quality    [INFO   ]  found nanostats file
[2018-11-07 15:10:22,489] multiqc.modules.quast.quast                        [INFO   ]  Found 3 reports
[2018-11-07 15:10:24,790] multiqc.modules.jellyfish.jellyfish                [INFO   ]  Found 0 histogram files
[2018-11-07 15:10:24,790] multiqc.modules.jellyfish.jellyfish                [INFO   ]  Found 4 count (dump) files
[2018-11-07 15:10:25,976] multiqc.modules.mummerplot.mummerplot              [INFO   ]  found mummerplot images
[2018-11-07 15:10:26,600] multiqc.modules.minimap2.minimap2                  [INFO   ]  found minimap2 coord files
[2018-11-07 15:10:27,214] multiqc.modules.ab_cpu_times.ab_cpu_times          [INFO   ]  found CPU resource files
[2018-11-07 15:10:27,241] multiqc                                            [INFO   ]  Compressing plot data
[2018-11-07 15:10:28,087] multiqc                                            [INFO   ]  Report      : multiqc_report/REPORT.html
[2018-11-07 15:10:28,087] multiqc                                            [INFO   ]  Data        : multiqc_report/REPORT_data
[2018-11-07 15:10:28,088] multiqc                                            [DEBUG  ]  Moving data file from '/tmp/tmph31qetjw/multiqc_data/multiqc_quast.yaml' to './multiqc_report/REPORT_data'
[2018-11-07 15:10:28,088] multiqc                                            [DEBUG  ]  Moving data file from '/tmp/tmph31qetjw/multiqc_data/cpu_usage.yaml' to './multiqc_report/REPORT_data'
[2018-11-07 15:10:28,088] multiqc                                            [DEBUG  ]  Moving data file from '/tmp/tmph31qetjw/multiqc_data/multiqc_sources.yaml' to './multiqc_report/REPORT_data'
[2018-11-07 15:10:28,088] multiqc                                            [DEBUG  ]  Moving data file from '/tmp/tmph31qetjw/multiqc_data/ab_methods.yaml' to './multiqc_report/REPORT_data'
[2018-11-07 15:10:28,088] multiqc                                            [DEBUG  ]  Moving data file from '/tmp/tmph31qetjw/multiqc_data/multiqc_data.json' to './multiqc_report/REPORT_data'
[2018-11-07 15:10:28,089] multiqc                                            [DEBUG  ]  Moving data file from '/tmp/tmph31qetjw/multiqc_data/mqc_quast_num_contigs_1.yaml' to './multiqc_report/REPORT_data'
[2018-11-07 15:10:28,089] multiqc                                            [DEBUG  ]  Moving data file from '/tmp/tmph31qetjw/multiqc_data/multiqc_readqual_summary.yaml' to './multiqc_report/REPORT_data'
[2018-11-07 15:10:28,089] multiqc                                            [DEBUG  ]  Moving data file from '/tmp/tmph31qetjw/multiqc_data/multiqc_general_stats.yaml' to './multiqc_report/REPORT_data'
[2018-11-07 15:10:28,089] multiqc                                            [INFO   ]  Plots       : multiqc_report/multiqc_plots
[2018-11-07 15:10:28,089] multiqc                                            [DEBUG  ]  Moving plots directory from '/tmp/tmph31qetjw/multiqc_plots/pdf' to './multiqc_report/multiqc_plots'
[2018-11-07 15:10:28,089] multiqc                                            [DEBUG  ]  Moving plots directory from '/tmp/tmph31qetjw/multiqc_plots/svg' to './multiqc_report/multiqc_plots'
[2018-11-07 15:10:28,090] multiqc                                            [DEBUG  ]  Moving plots directory from '/tmp/tmph31qetjw/multiqc_plots/png' to './multiqc_report/multiqc_plots'
[2018-11-07 15:10:28,238] multiqc                                            [INFO   ]  MultiQC complete
