START METHODS PRINTING
description: Flye uses A-Bruijn graphs to assemble long error-prone reads. To do so, it follows arbitrary paths through the assembly graph and constructs new assembly graphs from these paths.
versions:
  flye: 2.3.6-release
END METHODS PRINTING
[2018-11-07 14:02:49] INFO: Running Flye 2.3.6-release
[2018-11-07 14:02:49] INFO: Configuring run
[2018-11-07 14:02:50] INFO: Input genome size: 6791333
[2018-11-07 14:02:50] INFO: Estimated coverage: 28
[2018-11-07 14:02:50] INFO: Reads N50/N90: 18950 / 15826
[2018-11-07 14:02:50] INFO: Minimum overlap set to 5000
[2018-11-07 14:02:50] INFO: Selected k-mer size: 15
[2018-11-07 14:02:50] INFO: Assembling reads
[2018-11-07 14:02:50] INFO: Reading sequences
[2018-11-07 14:02:51] INFO: Generating solid k-mer index
[2018-11-07 14:03:14] INFO: Counting kmers (1/2):
0% 10% 20% 30% 40% 50% 60% 70% 80% 90% 100% 
[2018-11-07 14:03:39] INFO: Counting kmers (2/2):
0% 10% 20% 30% 40% 50% 60% 70% 80% 90% 100% 
[2018-11-07 14:04:48] INFO: Filling index table
0% 10% 20% 30% 40% 50% 60% 70% 80% 90% 100% 
[2018-11-07 14:05:48] INFO: Extending reads
[2018-11-07 14:07:09] INFO: Overlap-based coverage: 30
[2018-11-07 14:07:09] INFO: Median overlap divergence: 0.071098
0% 10% 20% 30% 40% 50% 60% 70% 80% 90% 100% 
[2018-11-07 14:08:47] INFO: Assembled 45 draft contigs
[2018-11-07 14:08:47] INFO: Generating contig sequences
0% 10% 20% 30% 40% 50% 60% 70% 80% 90% 100% 
[2018-11-07 14:16:19] INFO: Running Minimap2
[2018-11-07 14:18:24] INFO: Computing consensus
[2018-11-07 14:21:10] INFO: Alignment error rate: 0.205709567516
[2018-11-07 14:21:10] INFO: Performing repeat analysis
[2018-11-07 14:21:10] INFO: Reading sequences
[2018-11-07 14:21:11] INFO: Building repeat graph
0% 10% 20% 30% 40% 50% 60% 70% 80% 90% 100% 
[2018-11-07 14:21:49] INFO: Median overlap divergence: 0.0496673
[2018-11-07 14:21:49] INFO: Aligning reads to the graph
0% 10% 20% 30% 40% 50% 60% 70% 80% 90% 100% 
[2018-11-07 14:25:06] INFO: Aligned read sequence: 189852931 / 193843265 (0.979415)
[2018-11-07 14:25:06] INFO: Median overlap divergence: 0.0995022
[2018-11-07 14:25:06] INFO: Mean edge coverage: 29
[2018-11-07 14:25:06] INFO: Resolving repeats
[2018-11-07 14:25:07] INFO: Generating contigs
[2018-11-07 14:25:07] INFO: Generated 41 contigs
[2018-11-07 14:25:07] INFO: Polishing genome (1/1)
[2018-11-07 14:25:07] INFO: Running minimap2
[2018-11-07 14:26:44] INFO: Separating alignment into bubbles
[2018-11-07 14:30:03] INFO: Alignment error rate: 0.148780918891
[2018-11-07 14:30:03] INFO: Correcting bubbles
0% 10% 20% 30% 40% 50% 60% 70% 80% 90% 100% 
[2018-11-07 14:39:56] INFO: Assembly statistics:

	Total length:	6620719
	Contigs:	41
	Scaffolds:	41
	Scaffolds N50:	259261
	Largest scf:	850194
	Mean coverage:	29

[2018-11-07 14:39:56] INFO: Final assembly: /home/ubuntu/pt/assembler_results/flye/scaffolds.fasta
